SF:lib/src/peer/ble_peer_session_guard_impl.dart
DA:9,1
DA:10,1
DA:11,0
DA:16,1
DA:17,2
DA:19,1
DA:20,2
DA:24,1
DA:26,1
DA:29,1
DA:36,0
DA:39,0
DA:40,0
DA:45,0
DA:48,0
DA:49,0
LF:16
LH:9
end_of_record
SF:lib/src/storage/local_data_provider_impl.dart
DA:8,1
DA:11,1
DA:13,2
DA:16,1
DA:18,1
DA:19,2
DA:20,1
DA:21,2
DA:22,1
DA:23,2
DA:24,1
DA:25,2
DA:26,1
DA:27,2
DA:29,3
DA:31,2
DA:34,1
DA:36,2
DA:37,2
DA:40,1
DA:42,2
DA:43,2
DA:49,0
DA:50,0
LF:24
LH:22
end_of_record
SF:lib/src/peer/repositories/peer_client_session_repository_impl.dart
DA:12,1
DA:24,1
DA:25,4
DA:28,1
DA:30,1
DA:32,1
DA:35,2
DA:36,3
DA:40,1
DA:42,1
DA:43,1
DA:44,2
DA:47,0
DA:49,0
DA:51,0
DA:54,1
DA:56,1
DA:57,1
DA:60,1
DA:62,1
DA:63,2
DA:66,0
DA:68,0
DA:71,1
DA:73,1
DA:74,1
DA:78,1
DA:80,0
DA:89,1
DA:91,0
DA:100,1
DA:101,2
DA:103,1
DA:106,2
DA:108,1
DA:109,3
LF:36
LH:29
end_of_record
SF:lib/src/peer/repositories/peer_server_session_repository_impl.dart
DA:11,1
DA:23,1
DA:24,4
DA:27,1
DA:29,1
DA:30,1
DA:31,2
DA:34,1
DA:36,1
DA:37,1
DA:40,1
DA:42,1
DA:43,1
DA:46,0
DA:48,0
DA:50,0
DA:53,0
DA:55,0
DA:58,1
DA:60,1
DA:61,1
DA:65,1
DA:67,0
DA:76,1
DA:78,0
DA:87,1
DA:88,2
DA:90,1
DA:93,2
DA:95,1
DA:96,3
LF:31
LH:24
end_of_record
SF:lib/src/peer/ble_peer_session_port.dart
DA:19,0
DA:23,0
DA:24,0
DA:26,0
DA:27,0
DA:29,0
DA:30,0
DA:32,0
DA:33,0
DA:35,0
DA:36,0
DA:38,0
DA:39,0
LF:13
LH:0
end_of_record
SF:lib/src/peer/mappers/peer_device_mapper.dart
DA:5,4
DA:6,16
DA:9,2
DA:10,8
LF:4
LH:4
end_of_record
SF:lib/src/peer/mappers/peer_endpoint_mapper.dart
DA:7,3
DA:8,3
DA:9,6
DA:10,6
DA:14,2
DA:15,2
DA:16,4
DA:17,4
LF:8
LH:8
end_of_record
SF:lib/src/peer/mappers/peer_identity_mapper.dart
DA:5,3
DA:6,9
DA:9,2
DA:10,6
LF:4
LH:4
end_of_record
SF:lib/src/peer/mappers/peer_connection_state_mapper.dart
DA:6,2
DA:11,2
DA:12,2
DA:13,2
DA:14,2
DA:15,2
DA:16,4
DA:17,4
LF:8
LH:8
end_of_record
SF:lib/src/peer/mappers/peer_disconnect_reason_mapper.dart
DA:5,2
DA:7,2
DA:8,2
DA:9,2
DA:10,1
LF:5
LH:5
end_of_record
SF:lib/src/peer/repositories/peer_transport_repository_impl.dart
DA:11,1
DA:15,1
DA:16,3
DA:17,3
DA:20,1
DA:21,3
DA:22,2
DA:23,4
DA:24,1
DA:27,1
DA:28,3
DA:29,4
DA:30,2
DA:34,1
DA:35,1
DA:37,1
DA:38,2
LF:17
LH:17
end_of_record
SF:lib/src/peer/mappers/peer_session_message_mapper.dart
DA:6,2
DA:7,4
DA:9,2
DA:10,4
DA:11,2
DA:12,2
DA:13,2
DA:14,3
LF:8
LH:8
end_of_record
SF:lib/src/peer/repositories/local_device_repository_impl.dart
DA:7,1
DA:11,1
DA:13,1
DA:15,3
DA:18,1
DA:19,1
DA:22,1
DA:23,0
DA:24,0
DA:26,1
DA:27,0
DA:28,0
DA:34,3
LF:13
LH:9
end_of_record
