SF:core/lib/src/events/app_toast_bus.dart
DA:9,3
DA:11,1
DA:12,2
DA:15,1
DA:17,2
LF:5
LH:5
end_of_record
SF:core/lib/src/events/app_toast_events.dart
DA:5,1
DA:19,2
DA:23,2
DA:27,2
DA:31,2
LF:5
LH:5
end_of_record
SF:core/lib/src/events/app_toast_messenger.dart
DA:6,1
DA:10,3
DA:12,4
DA:14,4
DA:16,4
DA:18,4
LF:6
LH:6
end_of_record
SF:core/lib/src/config/app_config.dart
DA:6,3
DA:22,3
DA:23,3
LF:3
LH:3
end_of_record
SF:core/lib/src/di/locator.dart
DA:4,0
LF:1
LH:0
end_of_record
SF:core/lib/src/config/app_runtime_mode.dart
DA:7,0
DA:8,0
DA:12,0
DA:13,0
DA:14,0
DA:22,0
DA:23,0
DA:24,0
DA:27,0
DA:28,0
DA:29,0
LF:11
LH:0
end_of_record
SF:core/lib/src/localization/generated/app_localization.dart
DA:65,0
DA:69,0
DA:70,0
DA:554,2
DA:556,0
DA:558,0
DA:561,0
DA:562,0
DA:564,0
DA:568,0
DA:570,0
DA:571,0
DA:572,0
DA:573,0
DA:574,0
DA:577,0
LF:16
LH:1
end_of_record
SF:core/lib/src/localization/app_localization_getter.dart
DA:5,0
DA:7,0
DA:8,0
LF:3
LH:0
end_of_record
SF:core/lib/src/localization/generated/app_localization_en.dart
DA:9,0
DA:11,0
DA:14,0
DA:17,0
DA:20,0
DA:23,0
DA:26,0
DA:29,0
DA:32,0
DA:35,0
DA:38,0
DA:41,0
DA:44,0
DA:47,0
DA:50,0
DA:53,0
DA:56,0
DA:59,0
DA:62,0
DA:65,0
DA:68,0
DA:71,0
DA:74,0
DA:77,0
DA:80,0
DA:83,0
DA:86,0
DA:89,0
DA:92,0
DA:95,0
DA:98,0
DA:101,0
DA:104,0
DA:107,0
DA:110,0
DA:113,0
DA:116,0
DA:119,0
DA:122,0
DA:125,0
DA:128,0
DA:132,0
DA:136,0
DA:140,0
DA:143,0
DA:146,0
DA:150,0
DA:153,0
DA:156,0
DA:159,0
DA:162,0
DA:165,0
DA:168,0
DA:171,0
DA:174,0
DA:177,0
DA:180,0
DA:183,0
DA:185,0
DA:188,0
DA:190,0
DA:193,0
DA:196,0
DA:199,0
DA:202,0
DA:205,0
DA:208,0
DA:211,0
DA:214,0
DA:217,0
DA:220,0
DA:223,0
DA:225,0
DA:228,0
DA:230,0
DA:233,0
DA:236,0
DA:239,0
DA:242,0
DA:245,0
DA:248,0
LF:81
LH:0
end_of_record
SF:core/lib/src/localization/generated/app_localization_ru.dart
DA:9,0
DA:11,0
DA:14,0
DA:17,0
DA:20,0
DA:23,0
DA:26,0
DA:29,0
DA:32,0
DA:35,0
DA:38,0
DA:41,0
DA:44,0
DA:47,0
DA:50,0
DA:53,0
DA:56,0
DA:59,0
DA:62,0
DA:65,0
DA:68,0
DA:71,0
DA:74,0
DA:77,0
DA:80,0
DA:83,0
DA:86,0
DA:89,0
DA:92,0
DA:95,0
DA:98,0
DA:101,0
DA:104,0
DA:107,0
DA:110,0
DA:113,0
DA:116,0
DA:119,0
DA:122,0
DA:125,0
DA:128,0
DA:132,0
DA:136,0
DA:140,0
DA:143,0
DA:146,0
DA:150,0
DA:153,0
DA:156,0
DA:159,0
DA:162,0
DA:165,0
DA:168,0
DA:171,0
DA:174,0
DA:177,0
DA:180,0
DA:184,0
DA:186,0
DA:189,0
DA:191,0
DA:194,0
DA:197,0
DA:200,0
DA:203,0
DA:206,0
DA:209,0
DA:212,0
DA:215,0
DA:218,0
DA:221,0
DA:224,0
DA:226,0
DA:229,0
DA:231,0
DA:234,0
DA:237,0
DA:240,0
DA:243,0
DA:246,0
DA:249,0
LF:81
LH:0
end_of_record
SF:core/lib/src/localization/language_code_mapper.dart
DA:14,3
DA:20,2
DA:21,4
DA:27,2
DA:28,2
DA:29,12
DA:30,6
DA:31,2
LF:8
LH:8
end_of_record
SF:core/lib/src/localization/locale_controller.dart
DA:5,1
DA:9,2
DA:11,1
DA:12,1
DA:13,2
DA:15,1
DA:16,1
LF:7
LH:7
end_of_record
SF:core/lib/src/services/native_splash_service.dart
DA:7,0
DA:8,0
DA:11,2
LF:3
LH:1
end_of_record
SF:core/lib/src/services/screen_service.dart
DA:10,0
DA:12,0
DA:13,0
DA:18,0
DA:21,0
DA:26,0
DA:28,0
DA:33,0
DA:37,0
DA:38,0
DA:42,0
DA:46,0
DA:49,0
DA:51,0
DA:53,0
LF:15
LH:0
end_of_record
SF:platform/peer/lib/src/domain/ports/peer_player_identity_source.dart
DA:5,1
LF:1
LH:1
end_of_record
SF:platform/peer/lib/src/domain/services/peer/peer_connection_project.dart
DA:6,2
DA:7,2
DA:8,2
DA:10,2
DA:11,2
DA:13,4
DA:14,4
DA:16,2
DA:17,4
DA:18,2
DA:19,2
DA:20,2
DA:22,4
DA:23,4
DA:24,2
LF:15
LH:15
end_of_record
SF:platform/peer/lib/src/domain/services/peer/peer_connection_reduce.dart
DA:14,4
DA:19,3
DA:24,4
DA:32,2
DA:34,4
DA:35,8
DA:36,8
DA:37,4
DA:38,4
DA:39,8
DA:40,8
DA:41,8
DA:42,8
DA:46,2
DA:47,4
DA:48,8
DA:52,8
DA:56,8
DA:60,2
DA:61,2
DA:66,2
DA:71,2
DA:73,2
DA:82,2
DA:84,2
DA:93,2
DA:94,4
DA:99,2
DA:104,2
DA:105,4
DA:110,2
DA:115,2
DA:116,4
DA:120,10
DA:126,2
DA:131,2
DA:132,4
DA:133,2
DA:143,2
DA:144,4
DA:145,2
DA:149,2
DA:152,2
DA:153,4
DA:158,2
DA:166,2
DA:167,4
DA:172,2
DA:177,2
DA:179,2
DA:190,2
DA:191,4
DA:196,2
DA:197,2
DA:198,2
DA:199,0
DA:204,2
DA:205,2
DA:206,2
DA:211,2
DA:213,2
DA:214,2
DA:215,2
DA:216,1
DA:220,2
DA:221,4
LF:66
LH:65
end_of_record
SF:platform/peer/lib/src/domain/services/peer/peer_ui_event_tier.dart
DA:9,2
DA:15,2
DA:16,2
DA:19,4
DA:21,2
DA:22,2
DA:23,2
DA:25,2
DA:30,2
DA:31,6
DA:32,2
DA:33,2
DA:35,2
DA:41,2
DA:46,8
DA:53,4
LF:16
LH:16
end_of_record
SF:platform/peer/lib/src/data/peer_connection_service_impl.dart
DA:10,1
DA:17,1
DA:18,5
DA:19,5
DA:20,5
DA:46,1
DA:47,2
DA:49,1
DA:51,3
DA:54,1
DA:56,2
DA:57,1
DA:59,2
DA:61,1
DA:65,1
DA:68,1
DA:69,1
DA:70,1
DA:71,1
DA:76,1
DA:78,2
DA:79,3
DA:80,3
DA:82,2
DA:84,0
DA:95,1
DA:96,1
DA:97,1
DA:98,2
DA:100,2
DA:102,1
DA:108,1
DA:112,1
DA:113,1
DA:114,1
DA:115,3
DA:116,2
DA:118,2
DA:119,1
DA:121,1
DA:127,1
DA:131,1
DA:133,2
DA:134,1
DA:135,1
DA:139,1
DA:141,2
DA:142,1
DA:143,1
DA:147,1
DA:149,2
DA:150,1
DA:152,2
DA:154,1
DA:160,1
DA:165,1
DA:167,2
DA:168,1
DA:170,2
DA:172,0
DA:182,1
DA:184,2
DA:185,2
DA:186,2
DA:189,3
DA:190,2
DA:197,1
DA:199,1
DA:204,1
DA:208,2
DA:210,2
DA:213,1
DA:214,1
DA:220,2
DA:221,2
DA:223,1
DA:225,1
DA:226,1
DA:227,1
DA:234,1
DA:235,2
DA:236,1
DA:239,1
DA:244,2
DA:245,2
DA:247,1
DA:248,1
DA:252,2
DA:253,1
DA:254,0
DA:259,1
DA:260,4
DA:261,3
DA:265,1
DA:266,2
DA:270,1
DA:271,2
DA:272,2
DA:275,1
DA:276,1
DA:279,1
DA:280,2
DA:282,2
DA:283,1
DA:287,1
DA:288,1
DA:291,1
DA:292,2
DA:293,1
DA:295,1
DA:296,2
DA:297,1
DA:299,3
DA:301,1
DA:302,1
DA:303,2
DA:304,2
DA:309,2
DA:312,1
DA:313,1
DA:314,3
DA:315,1
DA:316,5
DA:321,1
DA:322,3
DA:323,1
DA:324,2
DA:325,3
DA:326,1
DA:327,2
DA:332,1
DA:334,3
DA:335,5
DA:336,1
DA:337,4
DA:338,1
DA:339,4
DA:340,0
DA:345,1
DA:346,2
DA:347,5
DA:350,2
DA:351,1
DA:354,5
DA:358,1
DA:359,1
DA:360,1
DA:361,3
DA:362,2
DA:363,2
DA:366,1
DA:367,2
DA:368,2
DA:371,1
DA:372,2
DA:373,2
DA:374,1
DA:375,3
DA:376,2
DA:377,2
DA:378,2
DA:381,1
DA:382,5
DA:383,2
DA:387,1
DA:390,2
DA:391,2
DA:392,2
DA:393,2
DA:394,2
DA:395,2
LF:171
LH:167
end_of_record
SF:platform/peer/lib/src/data/peer_discovery_device_registry.dart
DA:6,3
DA:8,2
DA:12,4
DA:13,4
DA:16,4
DA:19,4
LF:6
LH:6
end_of_record
SF:platform/peer/lib/src/domain/models/peer/peer_device.dart
DA:5,5
DA:11,5
DA:14,24
DA:17,0
DA:18,0
LF:5
LH:3
end_of_record
SF:platform/peer/lib/src/domain/models/peer/connection/app_connection_frame.dart
DA:7,4
LF:1
LH:1
end_of_record
SF:platform/peer/lib/src/domain/models/peer/connection/app_connection_view_state.dart
DA:26,5
DA:32,0
DA:35,0
DA:36,0
DA:37,0
DA:38,0
DA:41,0
DA:42,0
DA:54,5
DA:63,1
DA:66,1
DA:67,3
DA:68,3
DA:69,3
DA:70,3
DA:71,3
DA:72,3
DA:75,0
DA:77,0
DA:82,5
DA:87,0
DA:90,0
DA:93,0
DA:94,0
DA:97,2
DA:99,2
DA:100,2
DA:101,2
DA:102,2
DA:103,2
DA:104,2
DA:105,2
DA:106,2
LF:33
LH:20
end_of_record
SF:platform/peer/lib/src/domain/models/peer/connection/peer_ui_event.dart
DA:12,2
DA:31,2
DA:36,2
DA:41,2
DA:47,2
LF:5
LH:5
end_of_record
SF:platform/peer/lib/src/domain/models/peer/peer_endpoint.dart
DA:7,4
DA:12,5
DA:15,14
DA:18,0
DA:19,0
LF:5
LH:3
end_of_record
SF:platform/peer/lib/src/domain/models/peer/connection/peer_session_command.dart
DA:9,4
DA:14,3
DA:19,2
DA:26,2
DA:33,3
DA:38,3
DA:43,2
DA:50,2
DA:58,2
DA:65,2
DA:72,3
DA:77,3
DA:82,2
DA:89,2
DA:96,3
LF:15
LH:15
end_of_record
SF:platform/peer/lib/src/domain/models/peer/connection/peer_session_snapshot.dart
DA:10,4
DA:30,9
DA:32,2
DA:47,2
DA:48,2
DA:49,2
DA:50,2
DA:51,2
DA:54,2
DA:55,2
DA:56,2
DA:57,2
DA:61,2
DA:64,1
DA:65,3
DA:66,3
DA:67,3
DA:68,3
DA:69,0
DA:70,0
DA:71,0
DA:72,0
DA:75,0
DA:76,0
DA:77,0
DA:78,0
DA:79,0
DA:80,0
DA:81,0
DA:82,0
DA:83,0
DA:84,0
LF:32
LH:18
end_of_record
SF:platform/peer/lib/src/domain/models/peer/peer_connection_state.dart
DA:6,1
DA:11,0
DA:16,0
DA:21,1
DA:28,0
LF:5
LH:2
end_of_record
SF:platform/peer/lib/src/domain/models/peer/peer_identity.dart
DA:5,4
DA:10,2
DA:13,14
DA:16,0
DA:17,0
LF:5
LH:3
end_of_record
SF:platform/peer/lib/src/domain/models/peer/peer_session_message.dart
DA:6,1
DA:11,1
DA:18,1
DA:25,1
DA:32,1
LF:5
LH:5
end_of_record
SF:features/shell/lib/src/domain/models/player_profile.dart
DA:5,4
DA:10,3
DA:13,15
DA:16,1
DA:17,3
LF:5
LH:5
end_of_record
SF:features/shell/lib/src/presentation/home_screen/bloc/home_bloc.dart
DA:19,1
DA:20,3
DA:21,1
DA:22,2
DA:23,2
DA:24,2
DA:25,2
DA:26,2
DA:27,2
DA:28,2
DA:29,2
DA:30,2
DA:31,1
DA:32,1
DA:33,2
DA:34,2
DA:35,2
DA:36,2
DA:37,2
DA:38,2
DA:39,2
DA:40,2
DA:41,2
DA:42,2
DA:43,2
DA:47,4
DA:48,0
DA:49,0
DA:52,5
DA:53,1
DA:56,1
DA:58,2
DA:59,2
DA:60,1
DA:63,0
DA:64,0
DA:65,0
DA:68,1
DA:69,6
DA:71,2
DA:73,2
DA:74,1
DA:75,3
DA:82,1
DA:83,5
DA:86,1
DA:87,1
DA:88,4
DA:89,1
DA:90,2
DA:91,3
DA:94,1
DA:95,3
DA:96,3
DA:97,3
DA:98,3
DA:99,2
DA:100,3
DA:102,3
DA:108,1
DA:110,4
DA:114,1
DA:118,1
DA:121,4
DA:124,1
DA:127,1
DA:128,2
DA:129,2
DA:130,1
DA:136,2
DA:137,2
DA:138,1
DA:139,2
DA:146,1
DA:147,1
DA:148,1
DA:149,3
DA:156,1
DA:159,1
DA:160,1
DA:161,1
DA:162,3
DA:170,2
DA:173,1
DA:174,1
DA:175,1
DA:176,3
DA:184,2
DA:187,1
DA:188,2
DA:194,1
DA:195,1
DA:196,3
DA:202,1
DA:203,6
DA:206,1
DA:207,3
DA:210,2
DA:213,1
DA:214,2
DA:217,1
DA:218,2
DA:221,1
DA:222,1
DA:225,1
DA:226,4
DA:228,2
DA:234,1
DA:235,4
DA:238,1
DA:239,2
DA:240,4
DA:244,1
DA:245,2
DA:246,1
DA:247,2
DA:251,1
DA:252,4
DA:255,1
DA:256,2
DA:259,1
DA:260,2
DA:263,1
DA:264,4
DA:267,1
DA:268,4
DA:269,2
DA:272,3
LF:128
LH:123
end_of_record
SF:features/shell/lib/src/presentation/home_screen/models/home_overlay_projection.dart
DA:5,4
DA:9,2
DA:10,2
DA:13,0
DA:17,2
DA:20,8
DA:23,0
DA:24,0
LF:8
LH:5
end_of_record
SF:features/shell/lib/src/domain/models/bluetooth/bluetooth_status_snapshot.dart
DA:3,2
LF:1
LH:1
end_of_record
SF:features/shell/lib/src/data/repositories/settings_repository_impl.dart
DA:6,1
DA:12,1
DA:14,2
DA:15,1
DA:18,1
DA:20,2
LF:6
LH:6
end_of_record
SF:features/shell/lib/src/presentation/home_screen/widgets/app_bar/bloc/home_app_bar_bloc.dart
DA:16,1
DA:17,4
DA:18,1
DA:19,2
DA:20,2
DA:21,1
DA:22,1
DA:26,5
DA:27,1
DA:28,2
DA:31,5
DA:32,1
DA:33,2
DA:37,1
DA:38,6
DA:41,1
DA:45,3
DA:46,1
DA:47,5
DA:51,1
DA:53,2
DA:54,2
DA:55,1
LF:23
LH:23
end_of_record
SF:core_ui/lib/src/theme/app_animations.dart
DA:14,1
DA:15,3
DA:18,0
DA:25,0
DA:26,0
DA:34,0
DA:35,0
DA:37,0
DA:42,1
DA:43,2
DA:47,4
DA:52,0
DA:57,0
DA:58,0
DA:59,0
LF:15
LH:5
end_of_record
SF:features/shell/lib/src/presentation/splash_screen/bloc/splash_bloc.dart
DA:17,1
DA:22,1
DA:23,1
DA:24,2
DA:25,2
DA:26,0
DA:30,1
DA:33,1
DA:34,1
DA:35,6
DA:37,1
DA:39,1
DA:42,0
DA:44,1
DA:45,2
DA:48,3
DA:53,2
DA:56,2
LF:18
LH:16
end_of_record
SF:core_ui/lib/src/extensions/app_theme_getter.dart
DA:4,0
DA:6,0
LF:2
LH:0
end_of_record
SF:core_ui/lib/src/extensions/app_toast_getter.dart
DA:4,0
DA:6,0
DA:8,0
DA:10,0
DA:12,0
LF:5
LH:0
end_of_record
SF:core_ui/lib/src/theme/app_theme.dart
DA:3,0
DA:4,0
DA:5,0
DA:12,0
DA:13,0
DA:15,0
DA:26,1
DA:28,0
DA:29,0
DA:31,0
DA:36,0
DA:37,0
DA:39,0
DA:40,0
DA:42,0
DA:43,0
DA:45,0
DA:46,0
DA:48,0
DA:49,0
DA:53,0
DA:58,1
LF:22
LH:2
end_of_record
SF:core_ui/lib/src/theme/colors/app_colors_theme.dart
DA:4,1
DA:54,0
DA:57,0
DA:63,0
DA:66,0
DA:69,0
DA:72,0
DA:75,0
DA:76,0
DA:77,0
DA:80,0
DA:82,0
DA:85,0
DA:89,0
DA:90,0
DA:91,0
DA:94,0
DA:96,0
DA:99,0
DA:101,0
DA:104,0
DA:106,0
DA:109,0
DA:113,0
DA:114,0
DA:115,0
DA:118,0
DA:120,0
DA:123,0
DA:125,0
DA:128,0
DA:130,0
DA:133,0
DA:137,0
DA:138,0
DA:139,0
DA:142,0
DA:144,0
DA:147,0
DA:151,0
DA:163,0
DA:167,0
DA:176,0
DA:187,0
DA:197,0
DA:205,0
DA:206,0
DA:211,0
DA:212,0
DA:215,0
DA:217,0
DA:220,0
DA:223,0
DA:227,0
DA:228,0
DA:229,0
DA:230,0
DA:236,0
DA:257,0
DA:277,1
DA:279,0
DA:291,0
DA:302,0
DA:318,0
DA:319,0
DA:330,0
DA:341,0
DA:345,0
LF:68
LH:2
end_of_record
SF:core_ui/lib/src/theme/colors/app_components_themes/app_app_bar_theme.dart
DA:9,1
LF:1
LH:1
end_of_record
SF:core_ui/lib/src/theme/colors/app_components_themes/app_background_theme.dart
DA:13,1
LF:1
LH:1
end_of_record
SF:core_ui/lib/src/theme/colors/app_components_themes/app_border_theme.dart
DA:11,1
LF:1
LH:1
end_of_record
SF:core_ui/lib/src/theme/colors/app_components_themes/app_date_picker_theme.dart
DA:12,1
LF:1
LH:1
end_of_record
SF:core_ui/lib/src/theme/colors/app_components_themes/app_elevated_button_theme.dart
DA:10,1
DA:24,1
DA:34,1
LF:3
LH:3
end_of_record
SF:core_ui/lib/src/theme/colors/app_components_themes/app_icons_theme.dart
DA:10,1
LF:1
LH:1
end_of_record
SF:core_ui/lib/src/theme/colors/app_components_themes/app_link_theme.dart
DA:7,1
LF:1
LH:1
end_of_record
SF:core_ui/lib/src/theme/colors/app_components_themes/app_nav_bar_theme.dart
DA:11,0
LF:1
LH:0
end_of_record
SF:core_ui/lib/src/theme/colors/app_components_themes/app_outlined_button_theme.dart
DA:9,1
DA:21,1
DA:28,1
LF:3
LH:3
end_of_record
SF:core_ui/lib/src/theme/colors/app_components_themes/app_pin_field_theme.dart
DA:13,0
LF:1
LH:0
end_of_record
SF:core_ui/lib/src/theme/colors/app_components_themes/app_radio_theme.dart
DA:7,1
LF:1
LH:1
end_of_record
SF:core_ui/lib/src/theme/colors/app_components_themes/app_selection_theme.dart
DA:12,1
LF:1
LH:1
end_of_record
SF:core_ui/lib/src/theme/colors/app_components_themes/app_text_button_theme.dart
DA:7,1
DA:14,1
LF:2
LH:2
end_of_record
SF:core_ui/lib/src/theme/colors/app_components_themes/app_text_field_theme.dart
DA:19,1
LF:1
LH:1
end_of_record
SF:core_ui/lib/src/theme/colors/app_components_themes/app_text_theme.dart
DA:12,1
LF:1
LH:1
end_of_record
SF:core_ui/lib/src/theme/colors/app_components_themes/app_toast_theme.dart
DA:10,1
LF:1
LH:1
end_of_record
SF:core_ui/lib/src/widgets/ui_kit/app_image.dart
DA:9,0
DA:11,1
DA:13,0
DA:20,0
DA:22,0
DA:23,0
DA:25,0
DA:26,0
DA:27,0
DA:28,0
LF:10
LH:1
end_of_record
SF:core_ui/lib/src/widgets/avatars/user_label.dart
DA:7,0
DA:11,0
DA:13,0
DA:14,0
DA:16,0
DA:18,0
DA:19,0
LF:7
LH:0
end_of_record
SF:core_ui/lib/src/widgets/global_toast_host/global_toast_host.dart
DA:9,0
DA:11,0
DA:12,0
DA:31,0
DA:33,0
DA:34,0
DA:37,0
DA:39,0
DA:40,0
DA:41,0
DA:44,0
DA:45,0
DA:47,0
DA:48,0
DA:49,0
DA:50,0
DA:51,0
DA:52,0
DA:53,0
DA:54,0
DA:58,0
DA:59,0
DA:61,0
DA:62,0
DA:63,0
DA:64,0
DA:65,0
DA:66,0
DA:69,0
DA:70,0
DA:73,0
DA:74,0
DA:75,0
DA:76,0
DA:77,0
DA:78,0
DA:79,0
DA:83,0
DA:84,0
DA:85,0
DA:87,0
DA:88,0
DA:89,0
DA:92,0
DA:93,0
DA:94,0
DA:95,0
DA:96,0
DA:97,0
DA:102,0
DA:103,0
DA:104,0
DA:105,0
DA:106,0
DA:107,0
DA:108,0
DA:112,0
DA:113,0
DA:114,0
DA:115,0
DA:116,0
DA:117,0
DA:118,0
DA:122,0
DA:124,0
DA:125,0
DA:127,0
DA:129,0
DA:130,0
DA:131,0
DA:135,0
DA:137,0
DA:140,0
DA:142,0
DA:143,0
DA:144,0
DA:147,0
DA:148,0
DA:149,0
DA:150,0
DA:151,0
DA:152,0
DA:153,0
DA:154,0
DA:155,0
DA:156,0
DA:159,0
DA:160,0
DA:161,0
DA:162,0
DA:163,0
DA:166,0
DA:167,0
DA:170,0
DA:172,0
DA:173,0
DA:174,0
DA:175,0
DA:176,0
DA:178,0
DA:180,0
DA:183,0
DA:184,0
DA:185,0
DA:186,0
DA:187,0
DA:188,0
LF:107
LH:0
end_of_record
SF:core_ui/lib/src/widgets/layout/app_scroll_behavior.dart
DA:5,0
DA:8,0
DA:12,0
LF:3
LH:0
end_of_record
SF:core_ui/lib/src/widgets/layout/scaffolds/app_scaffold.dart
DA:18,0
DA:35,0
DA:37,0
DA:38,0
DA:40,0
DA:41,0
DA:42,0
DA:43,0
DA:45,0
DA:48,0
DA:49,0
DA:52,0
DA:53,0
DA:56,0
DA:57,0
DA:60,0
DA:61,0
DA:62,0
DA:64,0
DA:66,0
DA:67,0
DA:68,0
DA:69,0
DA:70,0
DA:72,0
DA:76,0
DA:78,0
LF:27
LH:0
end_of_record
SF:core_ui/lib/src/widgets/ui_kit/app_icon.dart
DA:7,0
DA:9,1
DA:11,2
DA:13,0
DA:20,0
DA:21,0
DA:23,0
DA:24,0
DA:25,0
DA:28,0
DA:29,0
DA:30,0
DA:31,0
DA:33,0
DA:34,0
DA:36,0
DA:42,0
DA:45,0
DA:47,0
DA:48,0
DA:52,0
DA:54,0
DA:56,0
DA:57,0
LF:24
LH:2
end_of_record
SF:core_ui/lib/src/widgets/ui_kit/app_qr_code.dart
DA:10,0
DA:18,0
DA:20,0
DA:22,0
DA:23,0
DA:24,0
DA:26,0
DA:27,0
DA:29,0
DA:31,0
LF:10
LH:0
end_of_record
SF:core_ui/lib/src/widgets/ui_kit/app_retry.dart
DA:7,0
DA:9,0
LF:2
LH:0
end_of_record
SF:core_ui/lib/src/widgets/ui_kit/controls/buttons/app_elevated_button/app_elevated_button.dart
DA:18,0
DA:31,0
DA:33,0
DA:35,0
DA:37,0
DA:38,0
DA:41,0
DA:43,0
DA:44,0
DA:47,0
DA:48,0
DA:49,0
DA:50,0
DA:51,0
DA:52,0
DA:54,0
DA:55,0
DA:56,0
DA:57,0
DA:58,0
DA:59,0
DA:66,0
DA:67,0
DA:68,0
DA:74,0
DA:75,0
DA:76,0
DA:79,0
DA:80,0
DA:81,0
DA:82,0
DA:83,0
DA:84,0
DA:86,0
DA:87,0
DA:94,0
DA:95,0
DA:101,0
LF:38
LH:0
end_of_record
SF:core_ui/lib/src/widgets/ui_kit/controls/buttons/app_elevated_button/app_elevated_button_mapper.dart
DA:4,0
DA:9,0
DA:12,0
DA:13,0
DA:15,0
DA:16,0
DA:17,0
DA:19,0
DA:21,0
DA:22,0
DA:23,0
DA:28,0
DA:33,0
DA:35,0
DA:38,0
DA:39,0
DA:40,0
DA:44,0
DA:46,0
DA:50,0
DA:52,0
DA:56,0
DA:58,0
DA:62,0
DA:64,0
LF:25
LH:0
end_of_record
SF:core_ui/lib/src/widgets/ui_kit/controls/buttons/app_outlined_button/app_outlined_button.dart
DA:18,0
DA:31,0
DA:33,0
DA:35,0
DA:37,0
DA:38,0
DA:41,0
DA:43,0
DA:44,0
DA:47,0
DA:48,0
DA:49,0
DA:50,0
DA:51,0
DA:52,0
DA:54,0
DA:55,0
DA:56,0
DA:57,0
DA:61,0
DA:62,0
DA:63,0
DA:64,0
DA:70,0
DA:71,0
DA:72,0
DA:75,0
DA:76,0
DA:77,0
DA:78,0
DA:79,0
DA:80,0
DA:82,0
DA:83,0
DA:90,0
DA:91,0
DA:97,0
LF:37
LH:0
end_of_record
SF:core_ui/lib/src/widgets/ui_kit/controls/buttons/app_outlined_button/app_outlined_button_mapper.dart
DA:4,0
DA:9,0
DA:11,0
DA:14,0
DA:15,0
DA:19,0
DA:24,0
DA:26,0
DA:29,0
DA:30,0
DA:34,0
DA:36,0
DA:40,0
DA:42,0
DA:46,0
DA:48,0
DA:52,0
DA:54,0
LF:18
LH:0
end_of_record
SF:core_ui/lib/src/widgets/ui_kit/controls/buttons/app_text_button/app_text_button.dart
DA:21,0
DA:37,0
DA:39,0
DA:41,0
DA:43,0
DA:44,0
DA:47,0
DA:48,0
DA:49,0
DA:50,0
DA:51,0
DA:52,0
DA:54,0
DA:55,0
DA:56,0
DA:57,0
DA:62,0
DA:63,0
DA:64,0
DA:70,0
DA:71,0
DA:72,0
DA:75,0
DA:76,0
DA:77,0
DA:78,0
DA:79,0
DA:80,0
DA:82,0
DA:83,0
DA:90,0
DA:91,0
DA:97,0
LF:33
LH:0
end_of_record
SF:core_ui/lib/src/widgets/ui_kit/controls/buttons/app_text_button/app_text_button_mapper.dart
DA:4,0
DA:9,0
DA:11,0
DA:14,0
DA:15,0
DA:19,0
DA:21,0
DA:25,0
DA:27,0
DA:31,0
DA:33,0
DA:37,0
DA:39,0
LF:13
LH:0
end_of_record
SF:core_ui/lib/src/widgets/ui_kit/dialogs/app_advice_dialog.dart
DA:10,0
DA:17,0
DA:24,0
DA:26,0
DA:27,0
DA:28,0
DA:29,0
DA:30,0
DA:31,0
DA:33,0
DA:44,0
DA:46,0
DA:48,0
DA:49,0
DA:53,0
DA:54,0
DA:58,0
DA:59,0
DA:60,0
DA:61,0
DA:63,0
DA:66,0
DA:67,0
DA:70,0
DA:71,0
DA:72,0
DA:75,0
DA:76,0
DA:77,0
DA:82,0
DA:84,0
DA:85,0
DA:86,0
DA:89,0
DA:90,0
DA:91,0
LF:36
LH:0
end_of_record
SF:core_ui/lib/src/widgets/ui_kit/dialogs/app_proposal_dialog.dart
DA:9,0
DA:11,0
DA:17,0
DA:19,0
DA:20,0
DA:21,0
DA:22,0
DA:23,0
DA:24,0
DA:26,0
DA:32,0
DA:34,0
DA:36,0
DA:37,0
DA:41,0
DA:42,0
DA:46,0
DA:47,0
DA:48,0
DA:49,0
DA:51,0
DA:54,0
DA:55,0
DA:58,0
DA:59,0
DA:60,0
DA:63,0
DA:64,0
DA:65,0
DA:70,0
DA:72,0
LF:31
LH:0
end_of_record
SF:core_ui/lib/src/widgets/ui_kit/dividers/app_divider.dart
DA:7,1
DA:9,0
DA:11,0
DA:14,0
DA:15,0
DA:16,0
LF:6
LH:1
end_of_record
SF:core_ui/lib/src/widgets/ui_kit/indicators/app_advertising_indicator.dart
DA:5,0
DA:7,0
DA:8,0
LF:3
LH:0
end_of_record
SF:core_ui/lib/src/widgets/ui_kit/indicators/app_discovering_indicator.dart
DA:5,0
DA:7,0
DA:8,0
LF:3
LH:0
end_of_record
SF:core_ui/lib/src/widgets/ui_kit/indicators/app_dots_loading_indicator.dart
DA:6,0
DA:17,0
DA:18,0
DA:26,0
DA:28,0
DA:30,0
DA:31,0
DA:32,0
DA:36,0
DA:38,0
DA:39,0
DA:42,0
DA:44,0
DA:45,0
DA:47,0
DA:48,0
DA:49,0
DA:51,0
DA:52,0
DA:53,0
DA:61,0
DA:67,0
DA:69,0
DA:70,0
DA:71,0
DA:72,0
DA:73,0
DA:74,0
DA:82,0
DA:86,0
DA:88,0
LF:31
LH:0
end_of_record
SF:core_ui/lib/src/widgets/ui_kit/indicators/app_loader_overlay.dart
DA:10,0
DA:12,0
DA:18,0
DA:21,0
DA:22,0
DA:23,0
DA:24,0
DA:25,0
DA:26,0
DA:28,0
DA:34,0
DA:35,0
DA:36,0
DA:39,0
DA:41,0
DA:43,0
DA:45,0
DA:47,0
DA:49,0
DA:53,0
DA:54,0
DA:57,0
DA:58,0
DA:59,0
DA:60,0
DA:62,0
DA:64,0
DA:65,0
DA:66,0
DA:68,0
DA:70,0
DA:72,0
DA:73,0
DA:75,0
DA:78,0
DA:79,0
LF:36
LH:0
end_of_record
SF:core_ui/lib/src/widgets/ui_kit/indicators/app_square_loading_indicator.dart
DA:6,1
DA:17,0
DA:18,0
DA:30,0
DA:32,0
DA:34,0
DA:35,0
DA:36,0
DA:37,0
DA:38,0
DA:42,0
DA:43,0
DA:44,0
DA:48,0
DA:49,0
DA:50,0
DA:54,0
DA:55,0
DA:56,0
DA:60,0
DA:61,0
DA:62,0
DA:68,0
DA:70,0
DA:71,0
DA:74,0
DA:76,0
DA:77,0
DA:79,0
DA:80,0
DA:81,0
DA:82,0
DA:83,0
DA:85,0
DA:86,0
DA:87,0
DA:89,0
DA:90,0
DA:92,0
DA:93,0
DA:94,0
DA:95,0
DA:98,0
DA:100,0
DA:101,0
DA:102,0
DA:103,0
DA:106,0
DA:108,0
DA:109,0
DA:110,0
DA:111,0
DA:122,0
DA:132,0
DA:134,0
DA:135,0
DA:136,0
DA:137,0
DA:138,0
LF:59
LH:1
end_of_record
SF:core_ui/lib/src/widgets/ui_kit/inputs/app_text_field/app_text_field.dart
DA:12,0
DA:39,0
DA:65,0
DA:66,0
DA:82,0
DA:84,0
DA:85,0
DA:86,0
DA:87,0
DA:88,0
DA:89,0
DA:90,0
DA:92,0
DA:95,0
DA:97,0
DA:99,0
DA:101,0
DA:102,0
DA:103,0
DA:104,0
DA:105,0
DA:106,0
DA:111,0
DA:112,0
DA:113,0
DA:115,0
DA:119,0
DA:121,0
DA:124,0
DA:125,0
DA:129,0
DA:130,0
DA:133,0
DA:134,0
DA:135,0
DA:136,0
DA:140,0
DA:141,0
DA:142,0
DA:143,0
DA:144,0
DA:145,0
DA:146,0
DA:148,0
DA:153,0
DA:154,0
DA:155,0
DA:156,0
DA:157,0
DA:158,0
DA:159,0
DA:160,0
DA:161,0
DA:162,0
DA:169,0
DA:171,0
DA:172,0
DA:174,0
DA:177,0
DA:178,0
DA:179,0
DA:180,0
DA:184,0
DA:185,0
DA:186,0
DA:187,0
DA:189,0
DA:193,0
DA:194,0
DA:195,0
DA:196,0
DA:197,0
DA:198,0
DA:201,0
DA:202,0
DA:203,0
DA:204,0
DA:205,0
DA:206,0
DA:207,0
DA:209,0
DA:210,0
DA:211,0
DA:212,0
DA:214,0
DA:215,0
DA:218,0
DA:219,0
DA:220,0
DA:222,0
DA:223,0
DA:225,0
DA:226,0
DA:227,0
DA:228,0
DA:229,0
DA:232,0
DA:235,0
DA:236,0
DA:237,0
DA:238,0
DA:239,0
DA:240,0
DA:241,0
DA:242,0
DA:243,0
DA:244,0
DA:246,0
DA:248,0
DA:249,0
DA:250,0
DA:251,0
DA:254,0
DA:255,0
DA:256,0
DA:257,0
DA:260,0
DA:262,0
DA:280,0
DA:281,0
DA:284,0
DA:286,0
DA:287,0
DA:288,0
DA:290,0
DA:291,0
DA:293,0
DA:294,0
DA:297,0
DA:299,0
DA:302,0
DA:303,0
DA:305,0
DA:307,0
DA:310,0
DA:311,0
DA:312,0
DA:313,0
DA:314,0
DA:316,0
DA:317,0
DA:318,0
DA:321,0
DA:322,0
DA:323,0
DA:325,0
DA:326,0
DA:327,0
DA:328,0
DA:329,0
DA:330,0
DA:331,0
DA:334,0
DA:335,0
DA:336,0
DA:337,0
DA:339,0
DA:341,0
DA:342,0
DA:343,0
DA:344,0
DA:346,0
DA:347,0
DA:349,0
DA:350,0
DA:354,0
DA:355,0
DA:356,0
DA:358,0
DA:359,0
DA:360,0
DA:362,0
DA:363,0
DA:364,0
DA:366,0
DA:367,0
DA:368,0
DA:370,0
DA:371,0
DA:372,0
DA:375,0
DA:377,0
DA:379,0
DA:381,0
DA:386,0
DA:387,0
DA:390,0
DA:393,0
DA:401,0
DA:403,0
DA:404,0
DA:405,0
DA:414,0
DA:415,0
DA:419,0
DA:420,0
DA:429,0
DA:431,0
DA:432,0
DA:433,0
DA:434,0
DA:435,0
DA:436,0
DA:439,0
DA:440,0
DA:442,0
DA:448,0
DA:449,0
DA:451,0
DA:452,0
DA:453,0
DA:454,0
DA:455,0
DA:456,0
DA:458,0
DA:464,0
LF:216
LH:0
end_of_record
SF:core_ui/lib/src/widgets/ui_kit/inputs/app_text_field/app_text_field_mapper.dart
DA:4,0
DA:9,0
DA:11,0
DA:14,0
DA:19,0
DA:21,0
DA:24,0
DA:25,0
DA:27,0
DA:30,0
DA:32,0
DA:35,0
DA:37,0
DA:38,0
DA:40,0
DA:41,0
DA:43,0
DA:46,0
DA:48,0
DA:52,0
LF:20
LH:0
end_of_record
SF:features/shell/lib/src/presentation/home_screen/bloc/home_effect.dart
LF:0
LH:0
end_of_record
SF:features/shell/lib/src/presentation/home_screen/bloc/home_state.dart
LF:0
LH:0
end_of_record
SF:features/shell/lib/src/presentation/home_screen/bloc/home_event.dart
LF:0
LH:0
end_of_record
SF:features/shell/lib/src/presentation/home_screen/widgets/drawer/bloc/home_drawer_bloc.dart
DA:19,1
DA:20,3
DA:21,1
DA:22,2
DA:23,2
DA:24,2
DA:25,2
DA:26,1
DA:27,1
DA:28,2
DA:29,2
DA:30,2
DA:31,2
DA:32,2
DA:33,2
DA:34,2
DA:38,4
DA:39,0
DA:40,0
DA:43,4
DA:44,0
DA:45,0
DA:46,0
DA:47,0
DA:52,5
DA:53,1
DA:54,5
DA:57,1
DA:60,1
DA:62,2
DA:63,2
DA:64,2
DA:65,1
DA:68,1
DA:70,2
DA:71,1
DA:72,3
DA:73,2
DA:74,1
DA:75,1
DA:83,1
DA:85,2
DA:91,1
DA:92,5
DA:95,1
DA:99,5
DA:102,1
DA:103,1
DA:104,3
DA:105,1
DA:106,1
DA:111,1
DA:112,2
DA:113,4
DA:118,2
DA:119,4
DA:123,1
DA:124,1
DA:125,2
DA:127,1
DA:128,4
DA:135,1
DA:136,2
DA:137,4
DA:141,4
DA:144,1
DA:145,2
DA:147,4
DA:150,1
DA:151,4
DA:154,1
DA:156,2
DA:162,1
DA:163,4
LF:74
LH:68
end_of_record
SF:features/shell/lib/src/data/peer/profile_peer_identity_source.dart
DA:7,1
DA:11,1
DA:13,2
DA:18,3
LF:4
LH:4
end_of_record
SF:features/shell/lib/src/presentation/home_screen/widgets/nickname_dialog/bloc/nickname_bloc.dart
DA:16,2
DA:17,1
DA:18,2
DA:19,2
DA:20,2
DA:21,0
DA:26,1
DA:27,2
DA:28,1
DA:30,1
DA:31,3
DA:34,1
DA:39,1
DA:40,2
DA:43,2
DA:44,1
DA:45,1
DA:46,2
DA:48,2
DA:49,2
DA:50,4
DA:52,0
DA:57,1
DA:58,1
DA:61,2
DA:64,1
DA:70,0
DA:71,0
LF:28
LH:24
end_of_record
SF:features/shell/lib/src/data/repositories/profile_repository_impl.dart
DA:6,1
DA:20,1
DA:21,2
DA:23,1
DA:24,1
DA:26,1
DA:28,1
DA:30,2
DA:31,1
DA:34,0
DA:36,0
DA:37,0
DA:40,1
DA:42,3
DA:43,3
DA:44,1
DA:45,2
DA:46,2
DA:50,1
DA:52,2
DA:53,1
DA:56,1
DA:58,2
DA:61,1
DA:62,2
DA:63,1
DA:64,2
DA:65,3
DA:69,1
DA:70,2
DA:71,2
DA:73,4
DA:77,1
DA:80,1
DA:81,2
DA:85,0
DA:86,0
LF:37
LH:32
end_of_record
SF:infrastructure/lib/src/peer/ble_peer_logger.dart
DA:8,0
DA:10,0
DA:13,0
DA:15,0
DA:18,0
DA:20,0
DA:23,0
DA:25,0
LF:8
LH:0
end_of_record
SF:infrastructure/lib/src/peer/peer_lifecycle.dart
DA:10,2
DA:21,0
DA:22,0
DA:25,0
DA:26,0
DA:27,0
DA:32,0
DA:34,2
DA:35,2
DA:36,2
DA:40,0
DA:42,0
DA:50,0
DA:53,0
DA:54,0
DA:55,0
DA:56,0
DA:57,0
DA:58,0
DA:60,0
LF:20
LH:4
end_of_record
SF:infrastructure/lib/src/peer/repositories/peer_client_session_repository_impl.dart
DA:12,1
DA:24,0
DA:25,0
DA:28,1
DA:30,1
DA:32,1
DA:35,0
DA:36,0
DA:40,1
DA:42,1
DA:43,0
DA:44,0
DA:47,1
DA:49,1
DA:51,0
DA:54,0
DA:56,0
DA:57,0
DA:60,0
DA:62,0
DA:63,0
DA:66,0
DA:68,0
DA:71,1
DA:73,1
DA:74,1
DA:78,0
DA:80,0
DA:89,0
DA:91,0
DA:100,1
DA:101,2
DA:103,1
DA:106,0
DA:108,0
DA:109,0
LF:36
LH:14
end_of_record
SF:infrastructure/lib/src/peer/mappers/peer_device_mapper.dart
DA:5,2
DA:6,8
DA:9,1
DA:10,4
LF:4
LH:4
end_of_record
SF:infrastructure/lib/src/peer/mappers/peer_endpoint_mapper.dart
DA:7,2
DA:8,2
DA:9,4
DA:10,4
DA:14,1
DA:15,1
DA:16,2
DA:17,2
LF:8
LH:8
end_of_record
SF:infrastructure/lib/src/peer/mappers/peer_identity_mapper.dart
DA:5,2
DA:6,6
DA:9,1
DA:10,3
LF:4
LH:4
end_of_record
SF:infrastructure/lib/src/peer/repositories/peer_server_session_repository_impl.dart
DA:11,1
DA:23,0
DA:24,0
DA:27,1
DA:29,1
DA:30,0
DA:31,0
DA:34,0
DA:36,0
DA:37,0
DA:40,0
DA:42,0
DA:43,0
DA:46,1
DA:48,1
DA:50,0
DA:53,0
DA:55,0
DA:58,1
DA:60,1
DA:61,1
DA:65,0
DA:67,0
DA:76,0
DA:78,0
DA:87,1
DA:88,2
DA:90,1
DA:93,0
DA:95,0
DA:96,0
LF:31
LH:11
end_of_record
SF:infrastructure/lib/src/peer/ble_peer_session_guard_impl.dart
DA:9,1
DA:10,1
DA:11,0
DA:16,1
DA:17,2
DA:19,1
DA:20,2
DA:24,1
DA:26,1
DA:29,1
DA:36,0
DA:39,0
DA:40,0
DA:45,0
DA:48,0
DA:49,0
LF:16
LH:9
end_of_record
SF:infrastructure/lib/src/storage/local_data_provider_impl.dart
DA:8,1
DA:11,1
DA:13,2
DA:16,1
DA:18,1
DA:19,2
DA:20,1
DA:21,2
DA:22,1
DA:23,2
DA:24,1
DA:25,2
DA:26,1
DA:27,2
DA:29,3
DA:31,2
DA:34,1
DA:36,2
DA:37,2
DA:40,1
DA:42,2
DA:43,2
DA:49,0
DA:50,0
LF:24
LH:22
end_of_record
SF:infrastructure/lib/src/peer/mappers/peer_connection_state_mapper.dart
DA:6,1
DA:11,1
DA:12,1
DA:13,1
DA:14,1
DA:15,1
DA:16,2
DA:17,2
LF:8
LH:8
end_of_record
SF:infrastructure/lib/src/peer/mappers/peer_disconnect_reason_mapper.dart
DA:5,1
DA:7,1
DA:8,1
DA:9,1
DA:10,1
LF:5
LH:5
end_of_record
SF:infrastructure/lib/src/peer/repositories/local_device_repository_impl.dart
DA:7,1
DA:11,1
DA:13,1
DA:15,3
DA:18,1
DA:19,1
DA:22,1
DA:23,0
DA:24,0
DA:26,1
DA:27,0
DA:28,0
DA:34,3
LF:13
LH:9
end_of_record
SF:infrastructure/lib/src/peer/mappers/peer_session_message_mapper.dart
DA:6,1
DA:7,2
DA:9,1
DA:10,2
DA:11,2
DA:12,2
DA:13,2
DA:14,3
LF:8
LH:8
end_of_record
